-------------------------------------------------------------------------------
Test set: Account Types
-------------------------------------------------------------------------------
Tests run: 1, Failures: 1, Errors: 0, Skipped: 0, Time elapsed: 21.894 s <<< FAILURE! - in Account Types
Driver user(Account Types)  Time elapsed: 21.894 s  <<< FAILURE!
java.lang.AssertionError

