-------------------------------------------------------------------------------
Test set: com.vytrack.runners.CukesRunner
-------------------------------------------------------------------------------
Tests run: 2, Failures: 1, Errors: 0, Skipped: 0, Time elapsed: 40.614 s <<< FAILURE! - in com.vytrack.runners.CukesRunner
Driver user(Account Types)  Time elapsed: 18.887 s  <<< FAILURE!
java.lang.AssertionError

