<?xml version="1.0" encoding="UTF-8"?>
<testsuite xmlns:xsi="http://www.w3.org/2001/XMLSchema-instance" xsi:noNamespaceSchemaLocation="https://maven.apache.org/surefire/maven-surefire-plugin/xsd/surefire-test-report.xsd" name="Users should be able to login" time="44.568" tests="1" errors="0" skipped="0" failures="1">
  <properties>
[...]
</properties>
  <testcase name="Login as a driver" classname="Users should be able to login" time="44.568">
    <failure message="expected:&lt;[Dashboard]&gt; but was:&lt;[Loading...]&gt;" type="org.junit.ComparisonFailure"><![CDATA[org.junit.ComparisonFailure: expected:<[Dashboard]> but was:<[Loading...]>
]]></failure>
    <system-out><![CDATA[Aug 11, 2021 2:26:07 PM io.cucumber.junit.Cucumber <init>
WARNING: By default Cucumber is running in --non-strict mode.
This default will change to --strict and --non-strict will be removed.
You can use --strict or @CucumberOptions(strict = true) to suppress this warning

&amp#27;[31mFailed scenarios:&amp#27;[0m
&amp#27;[31mfile:///C:/Users/Eren/IdeaProjects/EU3CucumberSelenium/src/test/resources/features/login.feature:7&amp#27;[0m# Login as a driver
&amp#27;[31mfile:///C:/Users/Eren/IdeaProjects/EU3CucumberSelenium/src/test/resources/features/AccountTypes.feature:3&amp#27;[0m# Driver user
&amp#27;[31mfile:///C:/Users/Eren/IdeaProjects/EU3CucumberSelenium/src/test/resources/features/Contacts.feature:3&amp#27;[0m# Default page number

3 Scenarios (&amp#27;[31m3 failed&amp#27;[0m)
10 Steps (&amp#27;[31m3 failed&amp#27;[0m, &amp#27;[32m7 passed&amp#27;[0m)
1m1.102s


org.junit.ComparisonFailure: expected:<[Dashboard]> but was:<[Loading...]>
	at org.junit.Assert.assertEquals(Assert.java:117)
	at org.junit.Assert.assertEquals(Assert.java:146)
	at com.vytrack.step_definitions.LoginStepDefs.the_user_should_be_able_to_login(LoginStepDefs.java:35)
	at ?.the user should be able to login(file:///C:/Users/Eren/IdeaProjects/EU3CucumberSelenium/src/test/resources/features/login.feature:9)

java.lang.AssertionError
	at org.junit.Assert.fail(Assert.java:87)
	at org.junit.Assert.assertTrue(Assert.java:42)
	at org.junit.Assert.assertTrue(Assert.java:53)
	at com.vytrack.step_definitions.LoginStepDefs.the_title_contains(LoginStepDefs.java:63)
	at ?.the title contains "Calendar Events - Activities"(file:///C:/Users/Eren/IdeaProjects/EU3CucumberSelenium/src/test/resources/features/AccountTypes.feature:6)

org.openqa.selenium.NoSuchElementException: Unable to locate element: .input-widget
For documentation on this error, please visit: https://www.seleniumhq.org/exceptions/no_such_element.html
Build info: version: '3.141.59', revision: 'e82be7d358', time: '2018-11-14T08:17:03'
System info: host: 'DESKTOP-G90N9B6', ip: '192.168.1.33', os.name: 'Windows 10', os.arch: 'amd64', os.version: '10.0', java.version: '1.8.0_231'
Driver info: org.openqa.selenium.firefox.FirefoxDriver
Capabilities {acceptInsecureCerts: true, browserName: firefox, browserVersion: 89.0.1, javascriptEnabled: true, moz:accessibilityChecks: false, moz:buildID: 20210614221319, moz:geckodriverVersion: 0.29.0, moz:headless: false, moz:processID: 11084, moz:profile: C:\Users\Eren\AppData\Local..., moz:shutdownTimeout: 60000, moz:useNonSpecCompliantPointerOrigin: false, moz:webdriverClick: true, pageLoadStrategy: normal, platform: WINDOWS, platformName: WINDOWS, platformVersion: 10.0, setWindowRect: true, strictFileInteractability: false, timeouts: {implicit: 0, pageLoad: 300000, script: 30000}, unhandledPromptBehavior: dismiss and notify}
Session ID: e5d44464-cbe5-476f-bdf0-5673e53fedb3
*** Element info: {Using=css selector, value=.input-widget}
	at sun.reflect.NativeConstructorAccessorImpl.newInstance0(Native Method)
	at sun.reflect.NativeConstructorAccessorImpl.newInstance(NativeConstructorAccessorImpl.java:62)
	at sun.reflect.DelegatingConstructorAccessorImpl.newInstance(DelegatingConstructorAccessorImpl.java:45)
	at java.lang.reflect.Constructor.newInstance(Constructor.java:423)
	at org.openqa.selenium.remote.http.W3CHttpResponseCodec.createException(W3CHttpResponseCodec.java:187)
	at org.openqa.selenium.remote.http.W3CHttpResponseCodec.decode(W3CHttpResponseCodec.java:122)
	at org.openqa.selenium.remote.http.W3CHttpResponseCodec.decode(W3CHttpResponseCodec.java:49)
	at org.openqa.selenium.remote.HttpCommandExecutor.execute(HttpCommandExecutor.java:158)
	at org.openqa.selenium.remote.service.DriverCommandExecutor.execute(DriverCommandExecutor.java:83)
	at org.openqa.selenium.remote.RemoteWebDriver.execute(RemoteWebDriver.java:552)
	at org.openqa.selenium.remote.RemoteWebDriver.findElement(RemoteWebDriver.java:323)
	at org.openqa.selenium.remote.RemoteWebDriver.findElementByCssSelector(RemoteWebDriver.java:420)
	at org.openqa.selenium.By$ByCssSelector.findElement(By.java:431)
	at org.openqa.selenium.remote.RemoteWebDriver.findElement(RemoteWebDriver.java:315)
	at org.openqa.selenium.support.pagefactory.DefaultElementLocator.findElement(DefaultElementLocator.java:69)
	at org.openqa.selenium.support.pagefactory.internal.LocatingElementHandler.invoke(LocatingElementHandler.java:38)
	at com.sun.proxy.$Proxy17.getAttribute(Unknown Source)
	at com.vytrack.step_definitions.navigationMenuStepDefs.default_page_number_should_be(navigationMenuStepDefs.java:52)
	at ?.default page number should be 1(file:///C:/Users/Eren/IdeaProjects/EU3CucumberSelenium/src/test/resources/features/Contacts.feature:7)


this is coming from BEFORE
]]></system-out>
    <system-err><![CDATA[1628681172053	geckodriver	INFO	Listening on 127.0.0.1:19662
1628681173235	mozrunner::runner	INFO	Running command: "C:\\Program Files\\Mozilla Firefox\\firefox.exe" "--marionette" "-foreground" "-no-remote" "-profile" "C:\\Users\\Eren\\AppData\\Local\\Temp\\rust_mozprofiletk6WYV"
1628681175959	Marionette	INFO	Marionette enabled
console.warn: SearchSettings: "get: No settings file exists, new profile?" (new NotFoundError("Could not open the file at C:\\Users\\Eren\\AppData\\Local\\Temp\\rust_mozprofiletk6WYV\\search.json.mozlz4", (void 0)))
1628681192397	Marionette	INFO	Listening on port 65155
1628681192803	Marionette	WARN	TLS certificate errors will be ignored for this session
Aug 11, 2021 2:26:33 PM org.openqa.selenium.remote.ProtocolHandshake createSession
INFO: Detected dialect: W3C
1628681203669	Marionette	INFO	Stopped listening on port 65155
JavaScript error: https://qa1.vytrack.com/bundles/npmassets/requirejs/require.js?version=e723d063, line 168: Error: Script error for "oroui/js/extend/bootstrap/bootstrap-popover", needed by: oroui/js/extend/bootstrap
http://requirejs.org/docs/errors.html#scripterror
JavaScript error: https://qa1.vytrack.com/bundles/npmassets/requirejs/require.js?version=e723d063, line 168: Error: Script error for "oroui/js/extend/bootstrap/bootstrap-scrollspy", needed by: oroui/js/extend/bootstrap
http://requirejs.org/docs/errors.html#scripterror
JavaScript error: https://qa1.vytrack.com/bundles/npmassets/requirejs/require.js?version=e723d063, line 168: Error: Script error for "oroui/js/extend/bootstrap/bootstrap-tooltip", needed by: oroui/js/extend/bootstrap
http://requirejs.org/docs/errors.html#scripterror
JavaScript error: https://qa1.vytrack.com/bundles/npmassets/requirejs/require.js?version=e723d063, line 168: Error: Script error for "oroui/js/extend/bootstrap/bootstrap-typeahead", needed by: oroui/js/extend/bootstrap
http://requirejs.org/docs/errors.html#scripterror
JavaScript error: https://qa1.vytrack.com/bundles/npmassets/requirejs/require.js?version=e723d063, line 168: Error: Script error for "cryptojs/core", needed by: cryptojs/sha256
http://requirejs.org/docs/errors.html#scripterror
JavaScript error: https://qa1.vytrack.com/bundles/npmassets/requirejs/require.js?version=e723d063, line 168: Error: Script error for "orolocale/js/moment-l10n", needed by: oroui/js/jquery-ui-datepicker-l10n
http://requirejs.org/docs/errors.html#scripterror
JavaScript error: https://qa1.vytrack.com/bundles/npmassets/requirejs/require.js?version=e723d063, line 168: Error: Script error for "oroui/js/extend/jquery-ui", needed by: oroui/js/jquery-ui-datepicker-l10n
http://requirejs.org/docs/errors.html#scripterror
JavaScript error: https://qa1.vytrack.com/bundles/npmassets/requirejs/require.js?version=e723d063, line 168: Error: Script error for "oroui/js/app/views/base/view", needed by: oroui/js/app/controllers/base/controller, oroui/js/app/views/page-view
http://requirejs.org/docs/errors.html#scripterror
JavaScript error: https://qa1.vytrack.com/bundles/npmassets/requirejs/require.js?version=e723d063, line 168: Error: Script error for "oroui/js/widget/abstract-widget", needed by: oro/dialog-widget
http://requirejs.org/docs/errors.html#scripterror
JavaScript error: https://qa1.vytrack.com/bundles/npmassets/requirejs/require.js?version=e723d063, line 168: Error: Script error for "orowindows/js/widget/dialog-manager", needed by: oro/dialog-widget
http://requirejs.org/docs/errors.html#scripterror
JavaScript error: https://qa1.vytrack.com/bundles/npmassets/requirejs/require.js?version=e723d063, line 168: Error: Script error for "oroui/js/app/components/component-manager", needed by: oroui/js/app/components/base/component-container-mixin
http://requirejs.org/docs/errors.html#scripterror
JavaScript error: https://qa1.vytrack.com/bundles/npmassets/requirejs/require.js?version=e723d063, line 168: Error: Script error for "bootstrap", needed by: oroui/js/extend/bootstrap/bootstrap-dropdown, oroui/js/extend/bootstrap/bootstrap-modal
http://requirejs.org/docs/errors.html#scripterror
JavaScript error: https://qa1.vytrack.com/bundles/npmassets/requirejs/require.js?version=e723d063, line 168: Error: Script error for "lightgallery", needed by: oroui/js/app/modules/init-lightgallery
http://requirejs.org/docs/errors.html#scripterror
JavaScript error: https://qa1.vytrack.com/bundles/npmassets/requirejs/require.js?version=e723d063, line 168: Error: Script error for "jquery.uniform", needed by: oroui/js/app/views/input-widget/uniform-select, oroui/js/app/views/input-widget/uniform-file
http://requirejs.org/docs/errors.html#scripterror
JavaScript error: https://qa1.vytrack.com/bundles/npmassets/requirejs/require.js?version=e723d063, line 168: Error: Script error for "requirejs-asap-init"
http://requirejs.org/docs/errors.html#scripterror
JavaScript error: https://qa1.vytrack.com/bundles/npmassets/requirejs/require.js?version=e723d063, line 168: Error: Script error for "oroui/js/responsive-jquery-widget", needed by: oroui/js/layout
http://requirejs.org/docs/errors.html#scripterror
JavaScript error: https://qa1.vytrack.com/bundles/npmassets/requirejs/require.js?version=e723d063, line 168: Error: Script error for "oroui/js/tools/form-to-ajax-options", needed by: oroui/js/app/views/page-view
http://requirejs.org/docs/errors.html#scripterror
JavaScript error: https://qa1.vytrack.com/bundles/npmassets/requirejs/require.js?version=e723d063, line 168: Error: Script error for "oroui/js/app/views/input-widget/abstract", needed by: oroui/js/input-widget-manager, oroui/js/app/views/input-widget/uniform-select, oroui/js/app/views/input-widget/uniform-file, oroui/js/app/views/input-widget/select2, oroui/js/app/views/input-widget/number
http://requirejs.org/docs/errors.html#scripterror
JavaScript error: https://qa1.vytrack.com/bundles/npmassets/requirejs/require.js?version=e723d063, line 168: Error: Script error for "oroui/js/tools/scroll-helper", needed by: oroui/js/layout, oroui/js/extend/bootstrap/bootstrap-dropdown
http://requirejs.org/docs/errors.html#scripterror
JavaScript error: https://qa1.vytrack.com/bundles/npmassets/requirejs/require.js?version=e723d063, line 168: Error: Script error for "oroui/js/app/views/jstree/abstract-action-view", needed by: oroui/js/app/views/jstree/expand-action-view, oroui/js/app/views/jstree/collapse-action-view, oroui/js/app/views/jstree/move-action-view
http://requirejs.org/docs/errors.html#scripterror
JavaScript error: https://qa1.vytrack.com/bundles/npmassets/requirejs/require.js?version=e723d063, line 168: Error: Script error for "oroui/js/extend/select2", needed by: oroui/js/app/views/input-widget/select2
http://requirejs.org/docs/errors.html#scripterror
JavaScript error: https://qa1.vytrack.com/bundles/npmassets/requirejs/require.js?version=e723d063, line 168: Error: Script error for "oro/routes", needed by: ororeminder/js/reminder-handler, oroui/js/error, oroui/js/app/views/jstree/move-action-view
http://requirejs.org/docs/errors.html#scripterror
JavaScript error: https://qa1.vytrack.com/bundles/npmassets/requirejs/require.js?version=e723d063, line 168: Error: Script error for "json", needed by: orotranslation/js/translator
http://requirejs.org/docs/errors.html#scripterror
JavaScript error: https://qa1.vytrack.com/bundles/npmassets/requirejs/require.js?version=e723d063, line 168: Error: Script error for "oroentity/js/entity-error", needed by: oroentity/js/app/services/entity-structure-data-provider
http://requirejs.org/docs/errors.html#scripterror
JavaScript error: https://qa1.vytrack.com/bundles/npmassets/requirejs/require.js?version=e723d063, line 168: Error: Script error for "oroentity/js/app/services/entity-structure-error-handler", needed by: oroentity/js/app/services/entity-structure-data-provider
http://requirejs.org/docs/errors.html#scripterror
JavaScript error: https://qa1.vytrack.com/bundles/npmassets/requirejs/require.js?version=e723d063, line 168: Error: Script error for "oroui/js/app/services/registry", needed by: oroentity/js/app/services/entity-structure-data-provider
http://requirejs.org/docs/errors.html#scripterror
]]></system-err>
  </testcase>
</testsuite>